Using pre-set license
Built from '2020.3/staging' branch; Version is '2020.3.23f1 (c5d91304a876) revision 12966163'; Using compiler version '192528614'; Build Type 'Release'
OS: 'Windows 10 Pro; OS build 19044.1348; Version 2009; 64bit' Language: 'es' Physical Memory: 16244 MB
BatchMode: 1, IsHumanControllingUs: 0, StartBugReporterOnCrash: 0, Is64bit: 1, IsPro: 0

COMMAND LINE ARGUMENTS:
E:\Unity\2020.3.23f1\Editor\Unity.exe
-adb2
-batchMode
-noUpm
-name
AssetImportWorker0
-projectPath
C:/Users/Emiliano/Desktop/Buscaminas/Buscaminas/Buscaminas
-logFile
Logs/AssetImportWorker0.log
-srvPort
62386
Successfully changed project path to: C:/Users/Emiliano/Desktop/Buscaminas/Buscaminas/Buscaminas
C:/Users/Emiliano/Desktop/Buscaminas/Buscaminas/Buscaminas
Using Asset Import Pipeline V2.
Refreshing native plugins compatible for Editor in 56.12 ms, found 3 plugins.
Preloading 0 native plugins for Editor in 0.00 ms.
Initialize engine version: 2020.3.23f1 (c5d91304a876)
[Subsystems] Discovering subsystems at path E:/Unity/2020.3.23f1/Editor/Data/Resources/UnitySubsystems
[Subsystems] Discovering subsystems at path C:/Users/Emiliano/Desktop/Buscaminas/Buscaminas/Buscaminas/Assets
GfxDevice: creating device client; threaded=0
Direct3D:
    Version:  Direct3D 11.0 [level 11.1]
    Renderer: Radeon RX550/550 Series (ID=0x699f)
    Vendor:   
    VRAM:     4076 MB
    Driver:   30.0.13037.1003
Initialize mono
Mono path[0] = 'E:/Unity/2020.3.23f1/Editor/Data/Managed'
Mono path[1] = 'E:/Unity/2020.3.23f1/Editor/Data/MonoBleedingEdge/lib/mono/unityjit'
Mono config path = 'E:/Unity/2020.3.23f1/Editor/Data/MonoBleedingEdge/etc'
Using monoOptions --debugger-agent=transport=dt_socket,embedding=1,server=y,suspend=n,address=127.0.0.1:56648
Begin MonoManager ReloadAssembly
Registering precompiled unity dll's ...
Register platform support module: E:/Unity/2020.3.23f1/Editor/Data/PlaybackEngines/WindowsStandaloneSupport/UnityEditor.WindowsStandalone.Extensions.dll
Registered in 0.001102 seconds.
Native extension for WindowsStandalone target not found
Refreshing native plugins compatible for Editor in 49.67 ms, found 3 plugins.
Preloading 0 native plugins for Editor in 0.00 ms.
Mono: successfully reloaded assembly
- Completed reload, in  0.680 seconds
Domain Reload Profiling:
	ReloadAssembly (681ms)
		BeginReloadAssembly (60ms)
			ExecutionOrderSort (0ms)
			DisableScriptedObjects (0ms)
			BackupInstance (0ms)
			ReleaseScriptingObjects (0ms)
			CreateAndSetChildDomain (1ms)
		EndReloadAssembly (535ms)
			LoadAssemblies (60ms)
			RebuildTransferFunctionScriptingTraits (0ms)
			SetupTypeCache (180ms)
			ReleaseScriptCaches (0ms)
			RebuildScriptCaches (35ms)
			SetupLoadedEditorAssemblies (216ms)
				LogAssemblyErrors (0ms)
				InitializePlatformSupportModulesInManaged (4ms)
				SetLoadedEditorAssemblies (0ms)
				RefreshPlugins (50ms)
				BeforeProcessingInitializeOnLoad (9ms)
				ProcessInitializeOnLoadAttributes (118ms)
				ProcessInitializeOnLoadMethodAttributes (34ms)
				AfterProcessingInitializeOnLoad (0ms)
				EditorAssembliesLoaded (0ms)
			ExecutionOrderSort2 (0ms)
			AwakeInstancesAfterBackupRestoration (0ms)
Platform modules already initialized, skipping
Registering precompiled user dll's ...
Registered in 0.005038 seconds.
Begin MonoManager ReloadAssembly
Native extension for WindowsStandalone target not found
Refreshing native plugins compatible for Editor in 47.74 ms, found 3 plugins.
Preloading 0 native plugins for Editor in 0.00 ms.
Mono: successfully reloaded assembly
- Completed reload, in  1.243 seconds
Domain Reload Profiling:
	ReloadAssembly (1244ms)
		BeginReloadAssembly (167ms)
			ExecutionOrderSort (0ms)
			DisableScriptedObjects (6ms)
			BackupInstance (0ms)
			ReleaseScriptingObjects (0ms)
			CreateAndSetChildDomain (22ms)
		EndReloadAssembly (1010ms)
			LoadAssemblies (110ms)
			RebuildTransferFunctionScriptingTraits (0ms)
			SetupTypeCache (345ms)
			ReleaseScriptCaches (0ms)
			RebuildScriptCaches (52ms)
			SetupLoadedEditorAssemblies (364ms)
				LogAssemblyErrors (0ms)
				InitializePlatformSupportModulesInManaged (3ms)
				SetLoadedEditorAssemblies (0ms)
				RefreshPlugins (48ms)
				BeforeProcessingInitializeOnLoad (74ms)
				ProcessInitializeOnLoadAttributes (217ms)
				ProcessInitializeOnLoadMethodAttributes (19ms)
				AfterProcessingInitializeOnLoad (2ms)
				EditorAssembliesLoaded (0ms)
			ExecutionOrderSort2 (0ms)
			AwakeInstancesAfterBackupRestoration (7ms)
Platform modules already initialized, skipping
========================================================================
Worker process is ready to serve import requests
Launched and connected shader compiler UnityShaderCompiler.exe after 0.08 seconds
Refreshing native plugins compatible for Editor in 0.48 ms, found 3 plugins.
Preloading 0 native plugins for Editor in 0.00 ms.
Unloading 2192 Unused Serialized files (Serialized files now loaded: 0)
System memory in use before: 95.7 MB.
System memory in use after: 95.8 MB.

Unloading 28 unused Assets to reduce memory usage. Loaded Objects now: 2625.
Total: 3.388200 ms (FindLiveObjects: 0.258800 ms CreateObjectMapping: 0.102400 ms MarkObjects: 2.952500 ms  DeleteObjects: 0.073400 ms)

AssetImportParameters requested are different than current active one (requested -> active):
  custom:framework-win-MediaFoundation: 216162199b28c13a410421893ffa2e32 -> 
  custom:video-decoder-ogg-theora: a1e56fd34408186e4bbccfd4996cb3dc -> 
  custom:container-muxer-webm: aa71ff27fc2769a1b78a27578f13a17b -> 
  custom:container-demuxer-webm: 4f35f7cbe854078d1ac9338744f61a02 -> 
  custom:container-demuxer-ogg: 62fdf1f143b41e24485cea50d1cbac27 -> 
  custom:video-encoder-webm-vp8: eb34c28f22e8b96e1ab97ce403110664 -> 
  custom:video-decoder-webm-vp8: 9c59270c3fd7afecdb556c50c9e8de78 -> 
  custom:audio-decoder-ogg-vorbis: bf7c407c2cedff20999df2af8eb42d56 -> 
  custom:audio-encoder-webm-vorbis: bf7c407c2cedff20999df2af8eb42d56 -> 
========================================================================
Received Import Request.
  path: Assets
  artifactKey: Guid(00000000000000001000000000000000) Importer(815301076,1909f56bfc062723c751e8b465ee728b)
Start importing Assets using Guid(00000000000000001000000000000000) Importer(815301076,1909f56bfc062723c751e8b465ee728b)  -> (artifact id: '42d402b061de3733987d63b9cc3b64de') in 0.010653 seconds 
  Import took 0.013943 seconds .

========================================================================
Received Import Request.
  Time since last request: 1.209506 seconds.
  path: Assets/Sprites
  artifactKey: Guid(72586d6ad8e62ff47b8d68723e1b54e6) Importer(815301076,1909f56bfc062723c751e8b465ee728b)
Start importing Assets/Sprites using Guid(72586d6ad8e62ff47b8d68723e1b54e6) Importer(815301076,1909f56bfc062723c751e8b465ee728b)  -> (artifact id: '8dab757a7022e092e8aca1ff7a935d00') in 0.010324 seconds 
  Import took 0.015275 seconds .

========================================================================
Received Import Request.
  Time since last request: 8.118631 seconds.
  path: Assets/Sprites/Buscaminas.png
  artifactKey: Guid(da4c9eda6e3e53c41849dd1a86ad1026) Importer(815301076,1909f56bfc062723c751e8b465ee728b)
Start importing Assets/Sprites/Buscaminas.png using Guid(da4c9eda6e3e53c41849dd1a86ad1026) Importer(815301076,1909f56bfc062723c751e8b465ee728b)  -> (artifact id: '74f297fc8d8cf403f4c452d537804228') in 0.182735 seconds 
  Import took 0.186726 seconds .

========================================================================
Received Import Request.
  Time since last request: 7.940469 seconds.
  path: Assets/Sprites/Buscaminas.png
  artifactKey: Guid(da4c9eda6e3e53c41849dd1a86ad1026) Importer(815301076,1909f56bfc062723c751e8b465ee728b)
Start importing Assets/Sprites/Buscaminas.png using Guid(da4c9eda6e3e53c41849dd1a86ad1026) Importer(815301076,1909f56bfc062723c751e8b465ee728b)  -> (artifact id: 'b3e1a9f8fb5364b8e4a4c368f8970901') in 0.014002 seconds 
  Import took 0.018423 seconds .

========================================================================
Received Import Request.
  Time since last request: 60.556534 seconds.
  path: Assets/Sprites/Buscaminas.png
  artifactKey: Guid(da4c9eda6e3e53c41849dd1a86ad1026) Importer(815301076,1909f56bfc062723c751e8b465ee728b)
Start importing Assets/Sprites/Buscaminas.png using Guid(da4c9eda6e3e53c41849dd1a86ad1026) Importer(815301076,1909f56bfc062723c751e8b465ee728b)  -> (artifact id: '8926ec194d55b151d84bfb006744185d') in 0.016105 seconds 
  Import took 0.020581 seconds .

========================================================================
Received Import Request.
  Time since last request: 349.155288 seconds.
  path: Assets/Sprites/MinesweeperSpritesheet.png
  artifactKey: Guid(0ff11e254cb4e594b9e5ebaca909b695) Importer(815301076,1909f56bfc062723c751e8b465ee728b)
Start importing Assets/Sprites/MinesweeperSpritesheet.png using Guid(0ff11e254cb4e594b9e5ebaca909b695) Importer(815301076,1909f56bfc062723c751e8b465ee728b)  -> (artifact id: '615798c8695bf0711075179edeabe228') in 0.019754 seconds 
  Import took 0.024410 seconds .

========================================================================
Received Import Request.
  Time since last request: 17.755241 seconds.
  path: Assets/Sprites/MinesweeperSpritesheet.png
  artifactKey: Guid(0ff11e254cb4e594b9e5ebaca909b695) Importer(815301076,1909f56bfc062723c751e8b465ee728b)
Start importing Assets/Sprites/MinesweeperSpritesheet.png using Guid(0ff11e254cb4e594b9e5ebaca909b695) Importer(815301076,1909f56bfc062723c751e8b465ee728b)  -> (artifact id: 'a9368362274231739b6ddc11b1fb2773') in 0.014956 seconds 
  Import took 0.018985 seconds .

========================================================================
Received Import Request.
  Time since last request: 6.074255 seconds.
  path: Assets/Sprites/MinesweeperSpritesheet.png
  artifactKey: Guid(0ff11e254cb4e594b9e5ebaca909b695) Importer(815301076,1909f56bfc062723c751e8b465ee728b)
Start importing Assets/Sprites/MinesweeperSpritesheet.png using Guid(0ff11e254cb4e594b9e5ebaca909b695) Importer(815301076,1909f56bfc062723c751e8b465ee728b)  -> (artifact id: 'cbb5d14b85470a44eb6f3940c08dd117') in 0.167854 seconds 
  Import took 0.172870 seconds .

AssetImportWorkerClient::OnTransportError - code=2 error=End of file
